============================= test session starts ==============================
platform linux -- Python 3.12.13, pytest-9.0.2, pluggy-1.6.0
rootdir: /home/kqdx/basilisk_work/reproductions/bursting_bubble_20260718/report/capsule_work
configfile: pyproject.toml
testpaths: tests
collected 7 items

tests/test_fig2_regression.py .......                                    [100%]

============================== 7 passed in 2.85s ===============================
	Command being timed: "env UV_OFFLINE=1 ../tools/uv-0.11.29/uv run --offline --frozen pytest"
	User time (seconds): 5.56
	System time (seconds): 0.59
	Percent of CPU this job got: 155%
	Elapsed (wall clock) time (h:mm:ss or m:ss): 0:03.95
	Average shared text size (kbytes): 0
	Average unshared data size (kbytes): 0
	Average stack size (kbytes): 0
	Average total size (kbytes): 0
	Maximum resident set size (kbytes): 213652
	Average resident set size (kbytes): 0
	Major (requiring I/O) page faults: 0
	Minor (reclaiming a frame) page faults: 56551
	Voluntary context switches: 54
	Involuntary context switches: 56
	Swaps: 0
	File system inputs: 8
	File system outputs: 5032
	Socket messages sent: 0
	Socket messages received: 0
	Signals delivered: 0
	Page size (bytes): 4096
	Exit status: 0
